<?xml version="1.0" encoding="UTF-8"?>
<!-- Generated by org.testng.reporters.JUnitReportReporter -->
<testsuite hostname="SKHAREED-LAP" failures="0" tests="3" name="tests.LoginPageTest" time="53.092" errors="0" timestamp="2019-10-22T22:23:09 IST" skipped="0">
  <testcase classname="tests.LoginPageTest" name="loginPageTitleTest" time="14.584"/>
  <testcase classname="tests.LoginPageTest" name="showPswdDispTest" time="14.495"/>
  <testcase classname="tests.LoginPageTest" name="doLoginTest" time="24.013"/>
</testsuite> <!-- tests.LoginPageTest -->
